Accepted: 0 1 (699,699) [23963.31, 27244.76, 3287.07, 1]
Accepted: 0 1 2 (699,699) [20794.48, 23963.31, 3168.15, 2]
Accepted: 0 1 2 3 (683,683) [17925.87, 20794.48, 2874.60, 3]
Accepted: 0 1 2 3 4 (533,533) [16133.45, 17925.87, 1785.75, 4]
Accepted: 5 8 (380,380) [14624.44, 16133.45, 1507.91, 5]
Accepted: 5 8 9 (329,329) [13350.04, 14624.44, 1266.29, 6]
Accepted: 10 11 (293,293) [12224.07, 13350.04, 1125.92, 7]
Accepted: 10 11 14 (237,237) [11247.44, 12224.07, 967.34, 8]
Accepted: 5 6 8 9 (289,289) [10409.48, 11247.44, 834.30, 9]
Accepted: 0 1 2 3 15 (150,150) [9588.66, 10409.48, 802.80, 10]
Accepted: 0 1 2 3 4 7 (335,335) [8908.50, 9588.66, 686.70, 11]
Accepted: 0 1 2 3 4 12 (198,198) [8214.39, 8908.50, 666.87, 12]
Accepted: 10 11 13 14 (207,207) [7638.91, 8214.39, 574.23, 13]
Accepted: 0 1 2 3 4 7 10 11 13 14 (187,187) [7221.64, 7638.91, 381.38, 14]
Accepted: 0 1 2 3 12 15 (95,95) [6908.98, 7221.64, 306.13, 15]
Accepted: 5 8 10 (51,51) [6600.56, 6908.98, 299.01, 16]
Accepted: 0 1 2 3 7 15 (55,55) [6289.28, 6600.56, 277.90, 17]
Accepted: 5 10 11 (56,56) [6012.90, 6289.28, 268.31, 18]
Accepted: 5 8 9 13 (40,40) [5836.24, 6012.90, 156.23, 19]
Accepted: 5 11 (22,78) [5665.08, 5836.24, 163.71, 20]
Accepted: 0 1 2 3 4 5 6 8 9 12 (132,132) [5538.99, 5665.08, 109.04, 21]
Accepted: 5 9 11 (22,22) [5395.19, 5538.99, 127.82, 22]
Accepted: 0 1 2 3 5 6 8 9 12 15 (69,69) [5288.05, 5395.19, 75.84, 23]
Accepted: 5 6 8 10 (42,42) [5193.07, 5288.05, 91.88, 24]
Accepted: 6 10 11 14 (30,30) [5069.15, 5193.07, 98.45, 25]
Accepted: 0 1 2 4 (14,547) [4981.38, 5069.15, 84.44, 26]
Accepted: 5 10 11 13 (29,29) [4909.27, 4981.38, 66.93, 27]
Accepted: 5 6 10 11 (27,27) [4775.86, 4909.27, 109.51, 28]
Accepted: 5 6 9 11 (17,17) [4703.67, 4775.86, 64.16, 29]
Accepted: 0 1 2 3 4 5 6 7 8 9 (57,57) [4650.22, 4703.67, 28.12, 30]
Accepted: 0 1 2 3 5 6 7 8 9 15 (24,24) [4612.00, 4650.22, 5.44, 31]
Accepted: 0 1 2 3 4 6 7 10 11 14 (27,27) [4574.48, 4612.00, 2.93, 32]
Accepted: 0 1 2 3 4 10 11 12 13 14 (19,19) [4552.36, 4574.48, -9.81, 33]
Accepted: 8 14 (4,4) [4507.13, 4552.36, 34.19, 34]
Accepted: 5 8 10 13 (9,9) [4455.23, 4507.13, 25.77, 35]
Accepted: 0 1 2 4 7 (6,341) [4431.03, 4455.23, 14.14, 36]
Accepted: 0 1 2 4 12 (8,206) [4378.60, 4431.03, 22.25, 37]
Accepted: 12 15 (2,97) [4349.18, 4378.60, 11.36, 38]
Accepted: 5 9 11 13 (5,5) [4316.73, 4349.18, 3.02, 39]
Accepted: 0 1 2 12 15 (2,97) [4287.35, 4316.73, -8.53, 40]
Accepted: 6 8 14 (2,2) [4280.81, 4287.35, -7.51, 41]
Accepted: 8 13 14 (2,2) [4251.45, 4280.81, 13.09, 42]
Rejected: 0 1 2 3 5 8 9 12 13 15 (0,11) [4272.92, 4251.45, -50.29, 43]
Rejected: 0 1 2 3 4 5 7 10 11 13 (0,14) [4270.15, 4251.45, -49.41, 44]
Rejected: 0 1 2 4 5 6 8 9 12 (0,137) [4265.70, 4251.45, -46.52, 45]
Rejected: 0 1 2 3 4 7 9 (0,76) [4669.89, 4251.45, -28.11, 46]
Rejected: 0 1 2 3 4 7 10 (0,259) [4973.35, 4251.45, -28.22, 47]
