Accepted: 6 7 (50,50) [2960.02, 3230.74, 266.38, 1]
Accepted: 6 7 8 (50,50) [2694.54, 2960.02, 253.55, 2]
Accepted: 1 4 (49,49) [2496.46, 2694.54, 194.72, 3]
Accepted: 2 5 (48,48) [2304.95, 2496.46, 190.02, 4]
Accepted: 2 5 10 (44,44) [2132.33, 2304.95, 164.87, 5]
Accepted: 1 4 9 (45,45) [1969.01, 2132.33, 160.25, 6]
Accepted: 3 6 7 8 (45,45) [1830.87, 1969.01, 139.84, 7]
Accepted: 0 3 6 7 8 (37,37) [1770.37, 1830.87, 53.94, 8]
Accepted: 2 5 10 11 (26,26) [1737.94, 1770.37, 29.25, 9]
Accepted: 1 2 4 (4,4) [1699.45, 1737.94, 27.93, 10]
Accepted: 1 4 9 13 (21,21) [1673.47, 1699.45, 22.75, 11]
Accepted: 1 4 9 15 (16,16) [1648.82, 1673.47, 15.12, 12]
Accepted: 1 4 9 11 (8,8) [1616.10, 1648.82, 7.33, 13]
Accepted: 1 2 5 (4,4) [1595.71, 1616.10, 3.72, 14]
Accepted: 1 5 (2,6) [1570.88, 1595.71, 11.52, 15]
Accepted: 6 7 8 11 (5,5) [1547.80, 1570.88, -2.92, 16]
Accepted: 4 10 (1,1) [1529.83, 1547.80, 3.22, 17]
Rejected: 0 1 4 9 13 (0,11) [1536.50, 1529.83, -7.23, 18]
Rejected: 2 5 10 11 12 (0,12) [1539.71, 1529.83, -9.99, 19]
Rejected: 2 5 10 15 (0,7) [1530.47, 1529.83, -6.99, 20]
Rejected: 2 3 5 10 (0,6) [1532.18, 1529.83, -5.65, 21]
Rejected: 3 12 (0,7) [1530.62, 1529.83, -3.26, 22]
Rejected: 3 6 7 8 14 (0,6) [1542.00, 1529.83, -17.04, 23]
Accepted: 1 5 9 (2,2) [1520.62, 1529.83, -11.63, 24]
Accepted: 4 9 10 (1,1) [1502.68, 1520.62, -5.89, 25]
Accepted: 0 6 7 8 11 (5,5) [1488.89, 1502.68, -18.59, 26]
Rejected: 0 1 4 9 13 (0,11) [1492.46, 1488.89, -10.03, 27]
