Accepted: 0 1 (3184,3184) [667196.37, 688180.29, 20973.50, 1]
Accepted: 0 1 2 (3169,3169) [646550.17, 667196.37, 20635.76, 2]
Accepted: 0 1 2 3 (3143,3143) [626359.88, 646550.17, 20179.85, 3]
Accepted: 0 1 2 3 4 (3099,3099) [606790.12, 626359.88, 19559.29, 4]
Accepted: 5 11 (2987,2987) [588110.31, 606790.12, 18680.86, 5]
Accepted: 0 1 2 3 4 9 (2977,2977) [569788.88, 588110.31, 18313.94, 6]
Accepted: 7 10 (2923,2923) [552202.93, 569788.88, 17592.88, 7]
Accepted: 6 8 (2930,2930) [534808.05, 552202.93, 17405.08, 8]
Accepted: 0 1 2 3 4 5 9 11 (2803,2803) [518632.30, 534808.05, 16160.91, 9]
Accepted: 6 8 12 (2783,2783) [502553.71, 518632.30, 16071.22, 10]
Accepted: 7 10 13 (2657,2657) [487770.52, 502553.71, 14781.79, 11]
Accepted: 16 17 (2464,2464) [473776.26, 487770.52, 14012.47, 12]
Accepted: 0 1 2 3 4 5 9 11 14 (2559,2559) [459930.09, 473776.26, 13844.98, 13]
Accepted: 6 8 12 15 (2501,2501) [446689.76, 459930.09, 13239.20, 14]
Accepted: 21 32 (1980,1980) [435221.92, 446689.76, 11497.98, 15]
Accepted: 19 21 32 (1980,1980) [423951.73, 435221.92, 11258.14, 16]
Accepted: 16 17 23 (2095,2095) [412867.50, 423951.73, 11084.53, 17]
Accepted: 7 10 13 18 (2192,2192) [402177.33, 412867.50, 10697.39, 18]
Accepted: 6 8 12 15 20 (2075,2075) [392092.57, 402177.33, 10085.85, 19]
Accepted: 22 25 (1959,1959) [382127.08, 392092.57, 9999.66, 20]
Accepted: 27 30 (1802,1802) [372674.76, 382127.08, 9485.46, 21]
Accepted: 16 17 23 34 (1642,1642) [364098.31, 372674.76, 8574.90, 22]
Accepted: 0 1 2 3 4 5 9 11 14 26 (1795,1795) [356195.81, 364098.31, 7915.77, 23]
Accepted: 22 25 39 (1379,1379) [348431.49, 356195.81, 7766.59, 24]
Accepted: 28 29 (1623,1623) [340861.83, 348431.49, 7609.55, 25]
Accepted: 6 8 12 15 16 17 20 23 34 (1440,1440) [333931.70, 340861.83, 6892.78, 26]
Accepted: 24 36 (1441,1441) [327327.62, 333931.70, 6643.69, 27]
Accepted: 7 10 13 18 31 (1491,1491) [321077.25, 327327.62, 6262.26, 28]
Accepted: 19 21 28 29 32 (1277,1277) [315492.62, 321077.25, 5568.85, 29]
Accepted: 0 1 2 3 4 5 9 11 14 47 (764,764) [310525.04, 315492.62, 4887.17, 30]
Accepted: 27 30 33 (1181,1181) [306037.45, 310525.04, 4496.08, 31]
Accepted: 24 37 (784,784) [301747.44, 306037.45, 4292.85, 32]
Accepted: 37 49 (743,743) [296960.00, 301747.44, 4781.48, 33]
Accepted: 6 8 12 15 16 17 20 23 34 48 (843,843) [292873.00, 296960.00, 4085.60, 34]
Accepted: 41 52 (696,696) [288837.11, 292873.00, 4063.08, 35]
Accepted: 21 41 (520,520) [284705.73, 288837.11, 4127.25, 36]
Accepted: 7 10 13 18 42 (701,701) [280658.71, 284705.73, 4022.31, 37]
Accepted: 19 41 52 (576,576) [276675.24, 280658.71, 3982.50, 38]
Accepted: 43 46 (795,795) [272748.83, 276675.24, 3962.22, 39]
Accepted: 21 41 53 (520,520) [269122.26, 272748.83, 3609.08, 40]
Accepted: 27 30 40 (621,621) [265646.34, 269122.26, 3471.14, 41]
Accepted: 0 1 2 3 4 5 9 11 14 22 25 26 39 (933,933) [262274.93, 265646.34, 3371.00, 42]
Accepted: 7 10 13 18 24 31 36 (892,892) [258912.81, 262274.93, 3367.37, 43]
Accepted: 7 10 13 54 (465,465) [255669.58, 258912.81, 3238.25, 44]
Accepted: 27 43 (394,394) [252457.28, 255669.58, 3211.64, 45]
Accepted: 28 44 (506,506) [249693.23, 252457.28, 2782.20, 46]
Accepted: 44 45 (664,664) [245844.19, 249693.23, 3841.42, 47]
Accepted: 29 45 (403,403) [242594.71, 245844.19, 3243.50, 48]
Accepted: 19 21 28 29 32 35 (744,744) [240275.03, 242594.71, 2342.28, 49]
Accepted: 19 21 28 29 32 38 (533,533) [237623.62, 240275.03, 2599.84, 50]
Accepted: 0 1 2 3 4 5 9 11 14 22 25 26 39 55 (453,453) [235510.39, 237623.62, 2107.89, 51]
Accepted: 16 17 50 (369,369) [233371.78, 235510.39, 2147.73, 52]
Accepted: 6 8 12 58 (282,282) [231258.85, 233371.78, 2104.29, 53]
Accepted: 6 8 12 15 16 17 20 22 23 34 48 (398,398) [229231.03, 231258.85, 2036.56, 54]
Accepted: 6 8 12 15 16 17 20 23 34 48 51 (445,445) [226556.58, 229231.03, 2565.20, 55]
Accepted: 7 10 60 (266,266) [224518.86, 226556.58, 2041.29, 56]
Accepted: 6 8 12 15 57 (331,331) [222544.35, 224518.86, 1987.60, 57]
Accepted: 36 49 (228,228) [220551.69, 222544.35, 1998.43, 58]
Accepted: 25 51 (257,257) [218650.61, 220551.69, 1896.68, 59]
Accepted: 40 43 46 (412,412) [216786.18, 218650.61, 1872.68, 60]
Accepted: 33 43 46 (383,383) [214553.37, 216786.18, 2211.39, 61]
Accepted: 30 46 (205,205) [212740.35, 214553.37, 1815.80, 62]
Accepted: 50 56 (330,330) [210956.04, 212740.35, 1780.51, 63]
Accepted: 6 8 12 15 16 17 20 22 23 25 34 (366,366) [209243.79, 210956.04, 1719.39, 64]
Accepted: 6 8 12 15 16 17 20 23 25 34 51 (231,231) [207395.78, 209243.79, 1739.17, 65]
Accepted: 0 1 2 3 4 5 9 11 59 (244,244) [205614.97, 207395.78, 1726.56, 66]
Accepted: 15 20 (285,2360) [203919.43, 205614.97, 1719.08, 67]
Accepted: 21 28 29 41 53 (297,297) [202242.57, 203919.43, 1677.48, 68]
Accepted: 34 64 (175,175) [200668.62, 202242.57, 1586.11, 69]
Accepted: 7 10 13 18 31 37 49 (371,371) [199121.00, 200668.62, 1550.90, 70]
Accepted: 24 31 36 (315,1207) [197610.00, 199121.00, 1525.48, 71]
Accepted: 27 33 43 (271,271) [196128.12, 197610.00, 1479.39, 72]
Accepted: 15 16 17 20 23 34 (202,1642) [194633.19, 196128.12, 1446.82, 73]
Accepted: 19 21 32 38 (400,933) [193207.15, 194633.19, 1443.38, 74]
Accepted: 19 21 32 35 (303,1047) [191640.21, 193207.15, 1537.53, 75]
Accepted: 7 10 13 18 37 42 49 (296,296) [190255.56, 191640.21, 1363.79, 76]
Accepted: 7 10 13 18 24 37 42 (359,359) [188492.37, 190255.56, 1739.55, 77]
Accepted: 7 10 13 18 24 31 37 (228,228) [187004.29, 188492.37, 1425.32, 78]
Accepted: 22 25 34 64 (175,175) [185622.45, 187004.29, 1348.98, 79]
Accepted: 6 66 (146,146) [184365.92, 185622.45, 1276.31, 80]
Accepted: 18 24 37 (197,784) [183091.99, 184365.92, 1255.86, 81]
Accepted: 5 11 14 (171,2730) [181976.80, 183091.99, 1135.70, 82]
Accepted: 41 52 53 (120,120) [180850.08, 181976.80, 1126.58, 83]
Accepted: 7 65 (137,137) [179743.53, 180850.08, 1126.73, 84]
Accepted: 6 8 61 (147,147) [178638.07, 179743.53, 1109.81, 85]
Accepted: 19 38 41 52 (279,279) [177534.01, 178638.07, 1103.32, 86]
Accepted: 19 35 41 52 (297,297) [175839.91, 177534.01, 1659.61, 87]
Accepted: 16 50 (152,521) [174730.71, 175839.91, 1111.94, 88]
Accepted: 23 56 (152,152) [173622.95, 174730.71, 1109.05, 89]
Accepted: 0 1 2 3 4 9 63 (148,148) [172585.90, 173622.95, 1050.82, 90]
Accepted: 30 33 46 (140,140) [171521.43, 172585.90, 1064.87, 91]
Accepted: 16 17 22 23 25 39 (237,453) [170505.04, 171521.43, 1022.50, 92]
Accepted: 0 1 2 3 4 5 9 11 14 16 17 22 23 25 26 39 (216,216) [169243.63, 170505.04, 1210.88, 93]
Accepted: 15 16 17 20 23 34 48 (137,980) [168225.44, 169243.63, 1015.47, 94]
Accepted: 8 68 (110,110) [167261.78, 168225.44, 982.58, 95]
Accepted: 7 10 13 36 49 54 (187,187) [166314.86, 167261.78, 946.35, 96]
Accepted: 0 1 2 3 4 5 9 11 14 27 30 33 47 (358,358) [165477.21, 166314.86, 878.77, 97]
Accepted: 27 40 43 (123,123) [164536.38, 165477.21, 928.91, 98]
Accepted: 24 36 42 (188,234) [163616.20, 164536.38, 927.02, 99]
Accepted: 18 24 37 42 (165,524) [162665.64, 163616.20, 937.62, 100]
Accepted: 16 23 (98,2193) [161732.69, 162665.64, 929.05, 101]
Accepted: 0 1 2 3 4 22 25 34 64 (122,122) [160803.89, 161732.69, 849.37, 102]
Accepted: 7 10 18 60 (177,213) [160222.78, 160803.89, 876.39, 103]
Accepted: 21 28 29 35 41 53 (183,183) [159374.56, 160222.78, 848.59, 104]
Accepted: 13 67 (124,124) [158550.07, 159374.56, 848.52, 105]
Accepted: 0 1 2 3 4 5 9 11 14 27 30 40 47 (230,230) [157744.42, 158550.07, 777.62, 106]
Accepted: 0 1 2 3 4 5 6 8 9 11 12 14 15 16 17 20 23 26 34 48 51 (253,253) [157033.56, 157744.42, 653.88, 107]
Accepted: 0 1 2 3 4 5 9 11 26 59 (165,165) [156297.66, 157033.56, 751.36, 108]
Accepted: 5 11 14 26 (138,1933) [155469.94, 156297.66, 816.47, 109]
Accepted: 6 8 12 20 58 (130,130) [154753.55, 155469.94, 727.27, 110]
Accepted: 21 28 29 38 41 53 (114,114) [153979.12, 154753.55, 716.03, 111]
Accepted: 10 13 67 (95,95) [153239.87, 153979.12, 731.44, 112]
Accepted: 8 12 68 (106,106) [152507.56, 153239.87, 729.86, 113]
Accepted: 7 13 65 (93,93) [151773.62, 152507.56, 729.14, 114]
Accepted: 0 1 2 3 4 5 9 11 14 16 17 22 25 26 39 50 (159,159) [151121.16, 151773.62, 631.45, 115]
Accepted: 0 1 2 3 4 5 9 11 14 17 22 25 26 39 (105,480) [150319.95, 151121.16, 662.21, 116]
Accepted: 7 10 13 24 36 42 54 (132,132) [149643.64, 150319.95, 649.78, 117]
Accepted: 7 10 13 24 31 36 54 (146,146) [148703.24, 149643.64, 872.33, 118]
Accepted: 15 16 17 20 23 34 48 51 (87,532) [148052.04, 148703.24, 644.72, 119]
Accepted: 16 17 22 25 39 50 (125,284) [147389.60, 148052.04, 629.54, 120]
Accepted: 6 8 12 15 62 (95,95) [146734.60, 147389.60, 631.65, 121]
Accepted: 30 40 46 (65,65) [146085.35, 146734.60, 641.90, 122]
Accepted: 21 38 41 53 (110,224) [145466.17, 146085.35, 612.55, 123]
Accepted: 21 35 41 53 (113,296) [144642.48, 145466.17, 785.97, 124]
Accepted: 35 41 52 53 (82,82) [143994.39, 144642.48, 636.57, 125]
Accepted: 27 30 33 47 (167,525) [143401.60, 143994.39, 601.04, 126]
Accepted: 0 1 2 3 4 9 14 63 (94,94) [142836.27, 143401.60, 570.17, 127]
Accepted: 0 1 2 3 4 5 9 11 14 22 25 26 39 50 55 56 (157,157) [142348.51, 142836.27, 499.99, 128]
Accepted: 19 35 41 44 45 52 (167,167) [141820.24, 142348.51, 532.78, 129]
Accepted: 19 28 35 41 44 52 (130,130) [141105.88, 141820.24, 652.49, 130]
Accepted: 0 1 2 3 4 5 9 11 14 16 22 25 26 39 50 55 (110,110) [140625.17, 141105.88, 456.96, 131]
Accepted: 0 1 2 3 4 5 9 11 14 22 23 25 26 39 55 56 (105,105) [140093.12, 140625.17, 505.10, 132]
Accepted: 0 1 2 3 4 5 9 11 14 16 22 23 25 26 39 55 (81,81) [139406.16, 140093.12, 520.56, 133]
Accepted: 15 16 17 20 22 23 34 48 (50,448) [138890.17, 139406.16, 508.43, 134]
Accepted: 0 1 2 3 4 5 6 8 9 11 12 14 15 16 17 20 22 23 26 34 48 (185,185) [138423.14, 138890.17, 385.83, 135]
Accepted: 6 8 12 58 62 (89,89) [137903.84, 138423.14, 507.74, 136]
Accepted: 7 10 18 24 31 36 60 (99,99) [137332.29, 137903.84, 485.09, 137]
Accepted: 18 37 49 (76,743) [136735.51, 137332.29, 572.07, 138]
Accepted: 6 12 66 (76,76) [136222.68, 136735.51, 511.92, 139]
Accepted: 6 61 66 (70,70) [135598.67, 136222.68, 588.71, 140]
Accepted: 7 10 13 31 36 49 54 (97,97) [135127.77, 135598.67, 479.91, 141]
Accepted: 7 10 13 36 42 49 54 (90,90) [134459.15, 135127.77, 595.29, 142]
Accepted: 22 25 39 55 (71,524) [133974.84, 134459.15, 477.12, 143]
Accepted: 0 1 2 3 4 5 11 14 22 25 26 34 64 (82,82) [133537.66, 133974.84, 408.08, 144]
Accepted: 7 10 13 18 24 36 42 (46,46) [133059.74, 133537.66, 451.72, 145]
Accepted: 0 1 2 3 4 5 6 8 9 11 12 14 15 16 17 20 22 23 25 26 34 (156,156) [132629.52, 133059.74, 332.96, 146]
Accepted: 0 1 2 3 4 5 6 8 9 11 12 14 15 16 17 20 23 25 26 34 51 (128,128) [132136.67, 132629.52, 387.10, 147]
Accepted: 6 8 12 57 58 (63,63) [131647.68, 132136.67, 440.30, 148]
Accepted: 19 21 29 32 35 45 (129,129) [131234.96, 131647.68, 431.36, 149]
Accepted: 21 29 35 41 45 53 (94,94) [130754.23, 131234.96, 455.67, 150]
Accepted: 19 21 29 32 38 45 (117,117) [130286.31, 130754.23, 442.92, 151]
Accepted: 19 21 32 38 44 45 (152,152) [129775.63, 130286.31, 484.20, 152]
Accepted: 19 21 28 32 38 44 (131,131) [129010.01, 129775.63, 708.49, 153]
Accepted: 19 38 41 44 45 52 (125,125) [128575.89, 129010.01, 408.28, 154]
Accepted: 19 21 32 35 44 45 (107,107) [128057.70, 128575.89, 491.59, 155]
Accepted: 22 25 34 64 70 (47,47) [127641.08, 128057.70, 395.34, 156]
Accepted: 4 9 (44,3021) [127228.48, 127641.08, 426.82, 157]
Accepted: 6 7 8 10 12 13 15 18 24 31 36 57 (163,163) [126899.96, 127228.48, 343.80, 158]
Accepted: 26 59 (64,229) [126495.90, 126899.96, 409.14, 159]
Accepted: 38 41 52 53 (38,38) [126093.40, 126495.90, 394.84, 160]
Accepted: 0 1 2 3 4 5 9 11 14 15 16 17 20 23 26 34 48 51 (72,325) [125724.24, 126093.40, 279.41, 161]
Accepted: 24 36 42 54 (56,188) [125303.34, 125724.24, 393.62, 162]
Accepted: 7 10 31 60 (86,185) [125207.16, 125303.34, 392.11, 163]
Accepted: 18 24 31 36 (48,1039) [124768.81, 125207.16, 427.66, 164]
Accepted: 19 21 28 32 35 44 (67,67) [124351.40, 124768.81, 362.23, 165]
Accepted: 6 8 12 15 16 17 20 22 23 25 39 (126,181) [124030.38, 124351.40, 314.70, 166]
Accepted: 6 8 12 15 20 27 30 33 (211,901) [123697.23, 124030.38, 346.41, 167]
Accepted: 7 60 65 (44,44) [123305.76, 123697.23, 368.75, 168]
Accepted: 0 1 2 3 22 25 34 64 70 (44,44) [122919.87, 123305.76, 316.67, 169]
Accepted: 0 1 2 3 4 5 9 11 14 17 22 25 26 39 50 56 (71,71) [122618.76, 122919.87, 287.59, 170]
Accepted: 17 50 56 (58,129) [122213.08, 122618.76, 394.88, 171]
Accepted: 15 57 (44,375) [121864.02, 122213.08, 344.44, 172]
Accepted: 36 49 54 (41,228) [121514.78, 121864.02, 321.12, 173]
Accepted: 19 28 29 38 41 52 (49,49) [121194.32, 121514.78, 290.81, 174]
Accepted: 19 28 38 41 44 52 (71,71) [120845.39, 121194.32, 324.25, 175]
Accepted: 15 16 17 20 22 23 25 34 (39,405) [120544.20, 120845.39, 283.03, 176]
Accepted: 19 21 27 28 29 30 32 35 40 (145,194) [120298.17, 120544.20, 265.22, 177]
Accepted: 0 1 2 3 4 5 9 11 27 30 33 47 59 (57,57) [120035.70, 120298.17, 217.35, 178]
Accepted: 0 1 2 3 4 9 14 27 30 33 47 63 (55,55) [119749.83, 120035.70, 237.18, 179]
Accepted: 20 58 (36,166) [119462.32, 119749.83, 289.46, 180]
Accepted: 15 16 17 20 23 25 34 51 (26,257) [119172.37, 119462.32, 248.24, 181]
Accepted: 7 10 13 16 17 18 24 31 37 50 (90,110) [119019.80, 119172.37, 228.24, 182]
Accepted: 0 1 2 71 (26,26) [118730.05, 119019.80, 262.21, 183]
Accepted: 0 1 2 3 4 5 9 11 14 27 33 43 47 (76,76) [118515.48, 118730.05, 210.55, 184]
Accepted: 0 1 2 3 4 5 9 11 14 27 40 43 47 (62,62) [118227.60, 118515.48, 250.13, 185]
Accepted: 35 41 44 45 52 53 (50,50) [117978.95, 118227.60, 231.21, 186]
Accepted: 7 13 18 24 37 42 65 (55,55) [117742.79, 117978.95, 218.69, 187]
Accepted: 0 1 2 3 4 9 11 (26,2829) [117453.65, 117742.79, 238.75, 188]
Accepted: 18 37 42 49 (42,338) [117207.93, 117453.65, 244.35, 189]
Accepted: 5 63 (35,112) [116952.62, 117207.93, 255.13, 190]
Accepted: 13 65 67 (29,29) [116686.82, 116952.62, 239.40, 191]
Accepted: 19 29 38 41 45 52 (34,34) [116410.95, 116686.82, 212.64, 192]
Accepted: 4 5 9 11 14 26 (35,1830) [116180.15, 116410.95, 217.59, 193]
Accepted: 58 62 (31,120) [115945.12, 116180.15, 221.03, 194]
Accepted: 7 10 18 31 37 49 60 (34,34) [115597.93, 115945.12, 179.72, 195]
Accepted: 18 24 31 37 (32,260) [115313.83, 115597.93, 247.42, 196]
Accepted: 24 31 36 54 (22,168) [115062.77, 115313.83, 209.34, 197]
Accepted: 36 42 49 54 (26,116) [114844.68, 115062.77, 202.55, 198]
Accepted: 0 1 2 3 4 5 9 11 14 17 22 23 25 26 39 56 (34,34) [114548.34, 114844.68, 133.01, 199]
Accepted: 10 13 18 24 31 36 67 (38,38) [114344.50, 114548.34, 171.72, 200]
Accepted: 0 1 2 3 4 9 26 59 63 (35,35) [114164.61, 114344.50, 160.80, 201]
Accepted: 21 38 41 44 45 53 (41,41) [113965.76, 114164.61, 176.21, 202]
Accepted: 4 5 9 11 14 22 25 26 39 55 (33,486) [113742.71, 113965.76, 140.15, 203]
Accepted: 21 29 38 41 45 53 (29,29) [113531.01, 113742.71, 171.10, 204]
Accepted: 21 28 38 41 44 53 (40,40) [113242.45, 113531.01, 222.42, 205]
Accepted: 28 35 41 44 52 53 (32,32) [112989.56, 113242.45, 182.82, 206]
Accepted: 0 1 2 3 4 9 14 26 63 (29,29) [112819.26, 112989.56, 164.12, 207]
Accepted: 0 1 2 3 4 5 11 14 22 25 26 34 55 64 (31,31) [112700.51, 112819.26, 115.70, 208]
Accepted: 31 36 49 54 (15,112) [112518.01, 112700.51, 167.81, 209]
Accepted: 6 8 33 43 46 61 (60,60) [112379.67, 112518.01, 140.95, 210]
Accepted: 7 18 24 37 42 60 65 (35,35) [112210.69, 112379.67, 128.16, 211]
Accepted: 0 1 72 (15,15) [112028.34, 112210.69, 157.11, 212]
Accepted: 0 1 2 3 4 5 9 11 14 15 16 17 20 22 23 26 34 48 (34,219) [111901.81, 112028.34, 45.81, 213]
Accepted: 5 11 14 47 (28,797) [111740.26, 111901.81, 156.22, 214]
Accepted: 19 21 28 29 32 38 40 43 46 (90,90) [111664.25, 111740.26, 109.09, 215]
Accepted: 0 1 2 3 4 5 9 14 27 30 33 47 63 (31,31) [111556.99, 111664.25, 102.14, 216]
Accepted: 0 1 2 4 5 9 11 14 22 25 26 39 55 71 (24,24) [111436.43, 111556.99, 67.23, 217]
Accepted: 6 7 8 10 12 13 15 24 31 36 54 57 (49,49) [111319.00, 111436.43, 77.91, 218]
Accepted: 0 1 2 3 4 5 7 9 10 11 13 14 18 24 27 30 31 33 36 47 (110,110) [111258.31, 111319.00, 25.93, 219]
Accepted: 7 10 13 16 17 18 22 24 25 31 37 39 50 (30,50) [111151.86, 111258.31, 78.53, 220]
Accepted: 19 21 27 28 29 30 32 33 35 (165,257) [110967.91, 111151.86, 94.39, 221]
Accepted: 47 59 (28,107) [110756.27, 110967.91, 190.67, 222]
Accepted: 19 21 28 29 32 35 40 43 46 (94,94) [110601.13, 110756.27, 116.02, 223]
Accepted: 6 7 8 10 12 13 15 36 42 49 54 57 (40,40) [110481.98, 110601.13, 62.17, 224]
Accepted: 0 1 2 3 4 9 11 69 (26,26) [110297.62, 110481.98, 106.43, 225]
Accepted: 60 67 (12,12) [110146.40, 110297.62, 128.94, 226]
Accepted: 6 8 12 15 16 17 22 23 25 39 62 (37,54) [110040.20, 110146.40, 60.63, 227]
Accepted: 7 10 18 24 37 42 60 (36,36) [109914.90, 110040.20, 91.38, 228]
Accepted: 19 21 27 28 29 30 32 38 40 (75,115) [109803.69, 109914.90, 82.08, 229]
Accepted: 28 38 41 44 52 53 (22,22) [109687.90, 109803.69, 94.55, 230]
Accepted: 0 1 2 3 4 5 11 14 22 25 34 47 64 (23,23) [109596.29, 109687.90, 47.59, 231]
Accepted: 0 73 (11,11) [109455.54, 109596.29, 122.09, 232]
Accepted: 0 1 2 3 4 5 9 11 47 59 (22,79) [109277.17, 109455.54, 74.43, 233]
Accepted: 14 47 (22,884) [109126.60, 109277.17, 139.94, 234]
Accepted: 14 26 (14,1976) [108955.60, 109126.60, 157.21, 235]
Accepted: 6 12 27 33 43 66 (36,43) [108849.56, 108955.60, 82.35, 236]
Accepted: 0 1 2 3 4 9 47 59 63 (19,19) [108681.93, 108849.56, 66.01, 237]
Accepted: 66 68 (10,10) [108551.65, 108681.93, 107.17, 238]
Accepted: 19 21 28 29 32 33 35 43 46 (96,96) [108475.42, 108551.65, 59.29, 239]
Accepted: 19 21 28 29 30 32 33 35 46 (50,50) [108365.92, 108475.42, 72.44, 240]
Accepted: 0 1 2 3 4 5 8 9 11 12 14 27 40 43 47 68 (29,29) [108319.15, 108365.92, 16.97, 241]
Accepted: 38 41 44 45 52 53 (16,16) [108172.55, 108319.15, 73.35, 242]
Accepted: 0 1 2 3 4 5 9 11 14 40 43 46 47 (35,35) [108083.16, 108172.55, 33.35, 243]
Accepted: 15 62 (9,104) [107963.54, 108083.16, 107.61, 244]
Accepted: 0 1 2 3 4 5 9 11 14 15 16 17 20 22 23 25 26 34 (23,179) [107895.33, 107963.54, -16.29, 245]
Accepted: 0 1 3 72 (15,15) [107757.95, 107895.33, 91.68, 246]
Accepted: 2 3 (12,3155) [107607.46, 107757.95, 136.87, 247]
Accepted: 6 8 12 16 17 22 23 25 39 58 62 (31,52) [107521.11, 107607.46, 24.58, 248]
Accepted: 0 1 2 3 4 9 14 27 30 33 47 63 69 (24,24) [107341.06, 107521.11, 31.89, 249]
Accepted: 0 1 2 3 5 22 25 34 63 64 70 (20,20) [107285.49, 107341.06, 34.87, 250]
Accepted: 0 1 2 3 4 5 22 25 34 63 64 (15,15) [107179.96, 107285.49, 55.08, 251]
Accepted: 0 1 2 3 4 5 7 9 10 11 13 14 18 24 27 30 31 36 40 47 (78,78) [107150.56, 107179.96, -30.12, 252]
Accepted: 0 1 2 3 4 5 9 26 59 63 (19,19) [107092.83, 107150.56, 52.35, 253]
Accepted: 21 28 35 41 44 53 (13,13) [106987.19, 107092.83, 65.54, 254]
Accepted: 6 15 20 61 66 (24,46) [106913.21, 106987.19, 70.46, 255]
Rejected: 6 7 8 10 12 13 15 18 20 24 31 37 (0,133) [107650.60, 106913.21, 20.54, 256]
Accepted: 57 58 (8,71) [106804.41, 106913.21, 86.14, 257]
Accepted: 5 11 26 59 (13,178) [106698.11, 106804.41, 74.97, 258]
Accepted: 0 1 2 3 4 5 11 14 17 22 25 26 34 50 56 64 (22,22) [106672.51, 106698.11, -7.49, 259]
Accepted: 0 1 2 3 4 5 6 8 9 11 12 14 15 20 22 25 26 39 50 55 56 (71,71) [106659.89, 106672.51, -38.76, 260]
Accepted: 10 13 24 36 42 54 67 (22,22) [106588.97, 106659.89, 39.62, 261]
Accepted: 7 10 13 18 19 31 35 37 41 44 45 49 52 (48,48) [106564.84, 106588.97, -12.36, 262]
Accepted: 0 1 2 3 4 5 11 14 22 25 26 34 50 55 56 64 (18,18) [106543.64, 106564.84, -6.12, 263]
Accepted: 16 50 55 (17,152) [106446.73, 106543.64, 81.60, 264]
Accepted: 21 27 28 29 30 35 40 41 53 (40,50) [106388.07, 106446.73, 32.70, 265]
Accepted: 0 1 2 3 4 9 14 26 63 69 (18,18) [106335.68, 106388.07, 34.06, 266]
Rejected: 6 7 8 10 12 13 15 18 20 24 31 36 (0,540) [109807.23, 106335.68, 13.92, 267]
Accepted: 0 1 2 3 4 5 6 8 9 11 12 14 15 16 17 20 23 27 30 33 34 47 48 51 (67,67) [106303.81, 106335.68, -93.01, 268]
Accepted: 7 10 18 37 42 49 60 (23,23) [106231.31, 106303.81, 41.07, 269]
Accepted: 7 10 18 24 31 37 60 (21,21) [106151.22, 106231.31, 42.06, 270]
Accepted: 7 10 24 31 36 54 60 (18,18) [106073.58, 106151.22, 39.59, 271]
Accepted: 6 8 15 20 61 (25,101) [105993.89, 106073.58, 60.71, 272]
Rejected: 6 7 8 10 12 13 15 18 20 24 31 36 (0,540) [109459.71, 105993.89, 8.73, 273]
Accepted: 0 2 3 73 (11,11) [105883.59, 105993.89, 61.16, 274]
Accepted: 0 1 2 3 4 5 9 11 14 19 21 27 28 29 30 32 35 40 47 (41,49) [105868.86, 105883.59, -48.50, 275]
Accepted: 0 1 2 3 5 11 14 22 25 26 34 64 70 (15,15) [105837.08, 105868.86, -8.89, 276]
Accepted: 0 1 2 3 4 9 26 59 63 69 (16,16) [105697.97, 105837.08, 17.87, 277]
Accepted: 0 1 2 3 4 9 14 47 63 (10,65) [105568.72, 105697.97, 33.03, 278]
Accepted: 0 1 2 3 4 9 11 14 47 69 (14,14) [105527.57, 105568.72, 21.08, 279]
Accepted: 13 18 24 37 42 65 67 (17,17) [105465.93, 105527.57, 19.73, 280]
Accepted: 10 13 18 24 37 42 67 (16,16) [105397.17, 105465.93, 28.04, 281]
Accepted: 21 35 41 44 45 53 (6,6) [105310.33, 105397.17, 39.36, 282]
Accepted: 7 10 13 18 19 28 35 37 41 42 44 49 52 (38,38) [105297.80, 105310.33, -25.18, 283]
Accepted: 8 12 40 43 46 68 (30,47) [105235.40, 105297.80, 30.94, 284]
Rejected: 0 1 2 3 4 5 6 7 8 9 10 11 12 13 14 15 16 17 18 20 22 23 24 26 31 34 36 48 (0,64) [105268.22, 105235.40, -103.20, 285]
Rejected: 0 1 2 3 4 5 6 8 9 11 12 14 15 16 17 20 23 26 33 34 43 46 48 51 (0,58) [105289.53, 105235.40, -65.38, 286]
Rejected: 6 7 8 10 12 13 15 18 20 24 31 37 (0,133) [105990.60, 105235.40, -4.02, 287]
Accepted: 6 8 12 15 20 22 25 39 55 (32,211) [105161.99, 105235.40, 10.62, 288]
Accepted: 60 65 67 (9,9) [105083.84, 105161.99, 50.79, 289]
Rejected: 7 10 13 18 24 27 30 31 33 36 (0,333) [105114.05, 105083.84, 10.07, 290]
Accepted: 6 8 15 57 61 (20,30) [105021.60, 105083.84, 37.58, 291]
Rejected: 0 1 2 3 4 5 7 9 10 11 13 14 16 17 18 22 23 24 25 26 31 36 39 (0,99) [105080.35, 105021.60, -84.06, 292]
Accepted: 7 10 31 36 49 54 60 (13,13) [104973.41, 105021.60, 11.66, 293]
Accepted: 6 8 12 15 27 30 33 57 (35,117) [104927.13, 104973.41, 12.30, 294]
Rejected: 7 10 13 18 24 27 30 31 33 36 (0,333) [104945.02, 104927.13, 21.71, 295]
Rejected: 0 1 2 3 4 5 6 8 9 11 12 14 15 16 17 20 23 26 27 30 33 34 48 51 (0,63) [104980.53, 104927.13, -74.33, 296]
Rejected: 0 1 2 3 4 5 6 8 9 11 14 15 16 17 20 23 26 34 48 51 61 (0,31) [104931.48, 104927.13, -65.62, 297]
Rejected: 7 10 13 18 24 27 30 31 36 40 (0,206) [104978.38, 104927.13, -2.22, 298]
Accepted: 21 27 28 29 30 33 35 41 53 (53,79) [104893.83, 104927.13, -0.24, 299]
Rejected: 0 1 2 3 4 5 6 8 9 11 12 14 15 16 20 22 25 26 39 50 55 (0,44) [104900.93, 104893.83, -63.59, 300]
Rejected: 7 10 13 18 24 27 30 31 33 36 (0,333) [104942.08, 104893.83, 2.84, 301]
Rejected: 0 1 2 3 4 5 6 8 9 11 12 14 15 16 17 20 23 26 27 30 33 34 48 51 (0,63) [104951.39, 104893.83, -75.32, 302]
Rejected: 6 7 8 10 12 13 15 18 20 24 31 37 (0,133) [105711.11, 104893.83, -17.43, 303]
Accepted: 19 21 27 28 29 30 32 33 38 (73,144) [104869.98, 104893.83, 3.94, 304]
Accepted: 0 1 2 3 4 5 6 8 9 11 12 14 15 16 20 22 25 26 39 50 55 (44,44) [104866.46, 104869.98, -50.97, 305]
Rejected: 6 7 8 10 12 13 15 16 17 18 20 22 23 24 34 37 42 48 (0,77) [104902.86, 104866.46, -70.58, 306]
Accepted: 19 21 29 32 33 35 43 45 46 (33,33) [104843.90, 104866.46, -3.25, 307]
Accepted: 6 8 12 15 16 17 20 22 25 39 50 (39,118) [104806.27, 104843.90, -18.03, 308]
Rejected: 6 7 8 10 12 13 15 18 20 24 31 36 (0,540) [108450.43, 104806.27, -11.18, 309]
Accepted: 4 22 25 34 64 (6,128) [104719.71, 104806.27, 33.47, 310]
Accepted: 6 15 57 61 66 (14,14) [104674.06, 104719.71, 19.79, 311]
Accepted: 0 1 2 3 4 5 9 47 59 63 (11,11) [104663.94, 104674.06, 3.16, 312]
Rejected: 0 1 2 3 4 5 6 8 9 11 12 15 16 17 20 23 26 34 48 51 59 (0,36) [104666.67, 104663.94, -106.70, 313]
Rejected: 6 7 8 10 12 13 15 18 20 24 31 37 (0,133) [105492.14, 104663.94, -24.86, 314]
Accepted: 6 8 15 33 43 46 57 61 (10,14) [104585.53, 104663.94, 1.71, 315]
Accepted: 0 1 2 3 4 5 6 8 9 11 14 15 16 17 20 23 26 34 48 51 61 (31,31) [104551.25, 104585.53, -4.66, 316]
Accepted: 19 21 28 29 32 33 38 43 46 (54,54) [104466.32, 104551.25, 8.99, 317]
Rejected: 0 1 2 3 4 5 9 11 19 21 27 28 29 30 32 33 35 47 59 (0,25) [104478.60, 104466.32, -76.59, 318]
Accepted: 7 13 18 37 42 49 65 (13,13) [104427.40, 104466.32, 2.06, 319]
Accepted: 0 1 2 3 4 5 6 8 9 11 12 14 15 16 17 20 22 23 25 27 30 33 39 47 (57,57) [104405.97, 104427.40, -128.05, 320]
Rejected: 6 7 8 10 12 13 15 18 20 24 31 36 (0,540) [108048.61, 104405.97, -15.46, 321]
Rejected: 0 1 2 3 4 5 6 7 8 9 10 11 12 13 14 15 16 17 18 20 22 23 24 26 31 34 36 48 (0,64) [104445.09, 104405.97, -117.06, 322]
Accepted: 0 1 2 3 4 5 6 8 9 11 12 14 15 16 17 20 22 23 25 27 30 33 34 47 (63,63) [104364.08, 104405.97, -126.11, 323]
Accepted: 0 1 2 3 4 5 6 8 9 11 12 14 15 16 17 20 22 23 27 30 33 34 47 48 (58,58) [104306.05, 104364.08, -65.43, 324]
Accepted: 0 1 2 3 4 5 6 8 9 11 12 14 15 16 17 20 23 25 27 30 33 34 47 51 (36,36) [104289.18, 104306.05, -107.60, 325]
Rejected: 0 1 2 3 4 5 6 8 9 11 12 14 15 16 17 20 23 26 27 30 33 34 48 51 (0,63) [104362.87, 104289.18, -85.76, 326]
Rejected: 6 7 8 10 12 13 15 18 20 24 31 36 (0,540) [107938.46, 104289.18, -27.35, 327]
Rejected: 0 1 2 3 4 5 11 14 16 22 25 26 34 50 55 64 (0,13) [104300.52, 104289.18, -49.67, 328]
Accepted: 6 7 8 10 12 13 18 20 24 31 36 58 (52,60) [104264.25, 104289.18, -33.39, 329]
Rejected: 6 7 8 10 12 13 15 18 20 24 31 36 (0,540) [107881.20, 104264.25, -20.67, 330]
Rejected: 0 1 2 3 4 5 6 7 8 9 10 11 12 13 14 15 16 17 18 20 22 23 24 26 31 34 36 48 (0,64) [104308.58, 104264.25, -122.27, 331]
Accepted: 0 1 2 3 5 19 21 22 25 28 32 34 35 44 63 64 70 (20,20) [104143.09, 104264.25, -79.80, 332]
Accepted: 10 60 67 (3,3) [104090.39, 104143.09, 35.25, 333]
Accepted: 0 1 2 3 4 5 9 14 26 63 (11,11) [103983.31, 104090.39, 0.90, 334]
Accepted: 7 10 13 18 27 31 33 37 43 49 (37,65) [103974.59, 103983.31, -14.19, 335]
Accepted: 12 66 68 (6,6) [103929.91, 103974.59, 31.90, 336]
Accepted: 10 13 18 24 31 37 67 (10,10) [103894.40, 103929.91, -2.80, 337]
Accepted: 4 5 9 11 14 47 (8,772) [103862.14, 103894.40, 16.17, 338]
Rejected: 7 10 13 18 19 21 24 32 37 38 42 44 45 (0,35) [103882.22, 103862.14, -53.43, 339]
Accepted: 7 13 18 24 31 36 65 (10,10) [103789.21, 103862.14, -5.97, 340]
Accepted: 50 55 56 (9,201) [103749.71, 103789.21, 26.29, 341]
Rejected: 6 7 8 10 12 13 15 18 24 27 30 31 33 36 57 (0,52) [103780.90, 103749.71, -46.61, 342]
Accepted: 13 24 36 42 54 65 67 (11,11) [103722.33, 103749.71, -18.44, 343]
Accepted: 6 12 15 20 66 (12,67) [103688.47, 103722.33, 13.90, 344]
Accepted: 6 12 15 20 27 33 43 66 (11,37) [103666.75, 103688.47, -0.06, 345]
Rejected: 0 1 2 3 4 5 6 8 9 11 12 14 15 16 17 20 22 23 25 26 27 30 33 34 (0,50) [103740.30, 103666.75, -92.88, 346]
Accepted: 21 27 28 29 30 33 38 41 53 (33,53) [103657.26, 103666.75, -17.74, 347]
Rejected: 6 7 8 10 12 13 15 18 20 24 31 36 (0,540) [107276.83, 103657.26, -16.47, 348]
Rejected: 6 7 8 10 12 13 15 18 20 24 31 37 (0,133) [104445.81, 103657.26, -28.04, 349]
Rejected: 0 1 2 3 4 5 6 8 9 11 12 14 15 16 17 20 23 26 27 30 33 34 48 51 (0,63) [103737.66, 103657.26, -93.91, 350]
Accepted: 19 21 29 32 33 38 43 45 46 (28,28) [103643.37, 103657.26, -20.30, 351]
Rejected: 0 1 2 3 4 5 6 8 9 11 12 14 15 16 20 22 23 25 26 39 55 (0,28) [103680.05, 103643.37, -89.95, 352]
Rejected: 6 7 8 10 12 13 15 18 24 27 30 31 33 36 57 (0,52) [103673.17, 103643.37, -50.47, 353]
Accepted: 7 10 36 42 49 54 60 (11,11) [103621.19, 103643.37, -12.99, 354]
Accepted: 7 10 24 36 42 54 60 (11,11) [103543.13, 103621.19, 8.73, 355]
Rejected: 0 1 2 3 4 5 6 8 9 11 14 15 16 17 20 22 23 26 34 48 61 (0,14) [103592.51, 103543.13, -85.75, 356]
Rejected: 0 1 2 3 4 5 6 7 8 9 10 11 12 13 14 15 16 17 18 22 24 25 26 31 36 39 50 57 (0,32) [103618.09, 103543.13, -173.88, 357]
Accepted: 7 10 13 16 18 24 31 37 50 55 (16,23) [103533.75, 103543.13, -28.85, 358]
Rejected: 6 7 8 10 12 13 15 18 20 24 31 36 (0,540) [107159.87, 103533.75, -17.97, 359]
Rejected: 0 1 2 3 4 5 6 8 9 11 12 14 15 16 20 22 23 25 26 39 55 (0,28) [103570.92, 103533.75, -90.66, 360]
Rejected: 6 7 8 10 12 13 15 18 20 24 31 37 (0,133) [104390.39, 103533.75, -40.74, 361]
Rejected: 0 1 2 3 4 5 6 8 9 11 12 14 15 16 17 22 23 25 27 30 33 39 47 62 (0,21) [103557.72, 103533.75, -149.93, 362]
Rejected: 7 10 13 18 19 35 37 41 42 44 45 49 52 (0,33) [103535.09, 103533.75, -68.37, 363]
Accepted: 19 21 27 28 29 32 38 40 43 (23,42) [103522.56, 103533.75, -22.16, 364]
Accepted: 19 21 28 29 30 32 35 40 46 (20,20) [103515.00, 103522.56, -22.97, 365]
Rejected: 0 1 2 3 4 5 9 11 19 21 27 28 29 30 32 33 35 47 59 (0,25) [103523.02, 103515.00, -77.35, 366]
Rejected: 6 7 8 10 12 13 15 16 17 18 20 22 24 25 31 37 39 50 (0,38) [103551.52, 103515.00, -80.28, 367]
Rejected: 0 1 2 3 4 5 6 8 9 11 12 14 15 16 17 20 22 23 25 26 27 30 33 34 (0,50) [103594.41, 103515.00, -100.50, 368]
Rejected: 0 1 2 3 4 5 9 14 47 63 (0,36) [103515.10, 103515.00, -15.75, 369]
Rejected: 0 1 2 3 4 5 6 7 8 9 10 11 12 13 14 15 16 17 18 20 22 23 24 26 34 37 42 48 (0,34) [103628.23, 103515.00, -147.64, 370]
Rejected: 0 1 2 3 4 5 6 8 9 11 12 14 15 16 17 20 22 25 26 27 30 33 39 50 (0,32) [103549.87, 103515.00, -130.12, 371]
Rejected: 0 1 2 3 4 5 9 11 14 19 21 27 28 29 30 32 38 40 47 (0,40) [103541.42, 103515.00, -95.88, 372]
Accepted: 7 10 13 18 19 28 29 31 37 38 41 49 52 (25,25) [103513.16, 103515.00, -69.86, 373]
Accepted: 7 10 13 18 19 28 29 37 38 41 42 49 52 (21,21) [103497.56, 103513.16, -59.31, 374]
Rejected: 6 8 12 15 16 17 20 22 23 25 39 69 (0,27) [104049.25, 103497.56, -35.97, 375]
Accepted: 7 13 36 42 49 54 65 (9,9) [103479.84, 103497.56, -21.82, 376]
Rejected: 0 1 2 4 5 9 11 14 16 22 25 26 39 50 55 71 (0,10) [103520.44, 103479.84, -65.22, 377]
Rejected: 0 1 2 3 4 9 23 26 56 59 63 69 (0,8) [103503.36, 103479.84, -47.28, 378]
Rejected: 0 1 2 3 5 11 14 17 22 25 26 34 50 56 64 70 (0,10) [103520.09, 103479.84, -76.98, 379]
Rejected: 0 1 2 3 4 5 11 14 16 17 22 25 26 34 50 64 (0,29) [103493.68, 103479.84, -66.00, 380]
Accepted: 7 10 13 18 19 35 37 41 42 44 45 49 52 (33,33) [103477.20, 103479.84, -75.00, 381]
Rejected: 0 1 2 3 4 5 7 10 11 13 14 16 17 18 22 24 25 26 31 34 37 50 64 (0,18) [103517.58, 103477.20, -145.60, 382]
Accepted: 0 1 2 3 4 5 6 8 9 11 12 14 15 16 17 20 22 25 27 30 33 39 47 50 (29,29) [103408.58, 103477.20, -153.41, 383]
Rejected: 6 7 8 10 12 13 15 18 20 24 31 36 (0,540) [107011.31, 103408.58, -8.12, 384]
Rejected: 0 1 2 3 4 5 6 8 9 11 12 14 15 16 17 22 23 25 27 30 33 39 47 62 (0,21) [103415.59, 103408.58, -136.16, 385]
Rejected: 0 1 2 3 4 5 6 8 9 11 12 14 15 16 17 20 23 26 27 30 33 34 48 51 (0,63) [103492.97, 103408.58, -95.38, 386]
Rejected: 0 1 2 3 4 5 6 8 9 11 12 14 15 16 20 22 23 25 26 39 55 (0,28) [103442.18, 103408.58, -87.13, 387]
Rejected: 6 7 8 10 12 13 15 18 24 27 30 31 33 36 57 (0,52) [103441.56, 103408.58, -51.83, 388]
Rejected: 6 7 8 10 12 13 15 18 20 24 31 37 (0,133) [104258.19, 103408.58, -44.66, 389]
Rejected: 0 1 2 3 4 5 6 8 9 11 12 14 15 16 17 20 22 25 26 27 30 33 39 50 (0,32) [103442.66, 103408.58, -131.10, 390]
Rejected: 0 1 2 3 4 5 6 8 9 11 12 14 15 16 17 20 22 23 25 26 27 30 33 34 (0,50) [103488.75, 103408.58, -102.90, 391]
Rejected: 7 10 13 18 24 27 30 31 36 40 (0,206) [103518.99, 103408.58, -31.98, 392]
Rejected: 0 1 2 3 4 5 6 7 8 9 10 11 12 13 14 15 16 17 18 22 23 24 25 26 31 36 39 57 (0,33) [103493.90, 103408.58, -180.79, 393]
Rejected: 0 1 2 3 4 5 9 11 14 16 17 22 23 25 26 27 30 39 40 (0,46) [103501.26, 103408.58, -81.16, 394]
Accepted: 6 8 58 61 62 (12,12) [103389.75, 103408.58, -12.79, 395]
Rejected: 0 1 2 3 4 5 6 8 9 11 14 15 16 17 20 22 23 26 34 48 61 (0,14) [103433.51, 103389.75, -82.81, 396]
Rejected: 19 21 27 28 29 32 33 38 43 (0,51) [103397.81, 103389.75, -29.88, 397]
Accepted: 0 1 3 27 40 43 72 (10,10) [103377.37, 103389.75, -24.90, 398]
Rejected: 19 21 27 28 30 32 38 40 44 (0,31) [103382.92, 103377.37, -30.65, 399]
Rejected: 21 27 29 30 35 40 41 45 53 (0,29) [103384.56, 103377.37, -33.37, 400]
Rejected: 6 8 12 15 16 20 22 23 25 39 55 (0,41) [103388.94, 103377.37, -33.02, 401]
Rejected: 0 1 2 3 4 5 7 9 10 11 13 14 18 24 27 30 37 40 42 47 (0,39) [103431.94, 103377.37, -111.07, 402]
Rejected: 0 1 2 3 4 5 6 8 9 11 12 14 16 17 22 23 25 26 39 58 62 (0,21) [103437.68, 103377.37, -112.93, 403]
Rejected: 0 1 2 3 5 6 8 11 12 14 15 22 25 26 34 57 64 70 (0,12) [103416.59, 103377.37, -98.24, 404]
Rejected: 19 35 40 41 43 44 45 46 52 (0,34) [103378.02, 103377.37, -39.36, 405]
Accepted: 6 8 12 15 27 30 33 62 (21,66) [103368.27, 103377.37, -25.45, 406]
Rejected: 0 1 2 3 4 5 6 8 9 11 12 14 15 16 17 20 23 26 27 30 33 34 48 51 (0,63) [103446.78, 103368.27, -89.49, 407]
Rejected: 6 7 8 10 12 13 15 18 24 27 30 31 33 36 57 (0,52) [103396.59, 103368.27, -47.16, 408]
Rejected: 0 1 2 3 4 5 6 8 9 11 12 14 15 16 17 20 22 23 25 26 27 30 33 34 (0,50) [103444.07, 103368.27, -98.52, 409]
Accepted: 6 8 12 15 17 50 56 57 (12,36) [103362.32, 103368.27, -30.83, 410]
Rejected: 0 1 2 3 4 5 6 8 9 11 12 15 16 17 20 22 23 26 34 48 59 (0,33) [103393.31, 103362.32, -134.61, 411]
Rejected: 7 10 13 18 19 29 31 37 38 41 45 49 52 (0,21) [103365.64, 103362.32, -78.77, 412]
Rejected: 21 28 29 30 33 35 41 46 53 (0,17) [103367.51, 103362.32, -36.13, 413]
Accepted: 17 23 56 (4,38) [103335.69, 103362.32, 12.79, 414]
Rejected: 7 10 18 19 21 24 29 31 32 36 38 45 60 (0,21) [103343.47, 103335.69, -76.87, 415]
Accepted: 1 74 (1,1) [103307.00, 103335.69, 9.70, 416]
Rejected: 0 1 2 3 4 5 6 8 9 11 12 14 15 16 17 20 22 23 25 26 39 (0,55) [103376.34, 103307.00, -103.73, 417]
Rejected: 10 13 18 19 21 24 27 28 29 30 31 32 35 36 40 67 (0,24) [103340.63, 103307.00, -103.31, 418]
Rejected: 19 21 28 29 30 32 33 38 46 (0,23) [103307.76, 103307.00, -35.55, 419]
Rejected: 0 1 2 3 4 5 7 9 10 11 13 14 16 17 18 22 23 24 25 26 31 36 39 (0,99) [103405.50, 103307.00, -129.40, 420]
Accepted: 6 8 12 15 20 33 43 46 (28,232) [103299.92, 103307.00, -30.09, 421]
Rejected: 0 1 2 3 4 5 6 8 9 11 12 14 15 16 20 22 23 25 26 39 55 (0,28) [103327.23, 103299.92, -80.70, 422]
Rejected: 6 7 8 10 12 13 15 18 20 24 31 36 (0,540) [106975.65, 103299.92, -35.42, 423]
Accepted: 6 8 12 15 20 27 30 40 (24,434) [103290.92, 103299.92, -27.26, 424]
Rejected: 0 1 2 3 4 5 6 8 9 11 12 14 15 16 20 22 23 25 26 39 55 (0,28) [103320.74, 103290.92, -85.49, 425]
Rejected: 6 7 8 10 12 13 15 18 20 24 31 36 (0,540) [106997.11, 103290.92, -56.97, 426]
Rejected: 6 8 12 15 16 17 19 20 21 22 23 25 28 29 32 34 38 (0,86) [103326.00, 103290.92, -95.70, 427]
Rejected: 7 10 13 18 24 27 31 33 36 43 (0,69) [103304.01, 103290.92, -40.78, 428]
Rejected: 0 1 2 3 4 9 11 26 59 69 (0,7) [103306.63, 103290.92, -40.63, 429]
Rejected: 0 1 2 3 4 5 6 7 8 9 10 11 12 13 14 15 16 17 18 20 22 23 24 25 26 31 34 36 (0,46) [103383.86, 103290.92, -158.44, 430]
Accepted: 0 1 2 3 4 5 9 22 25 26 39 59 63 (19,19) [103244.68, 103290.92, -62.93, 431]
Rejected: 0 1 2 3 4 5 6 8 9 11 12 14 15 16 17 20 23 26 27 30 33 34 48 51 (0,63) [103322.92, 103244.68, -89.20, 432]
Rejected: 6 7 8 10 12 13 15 18 24 27 30 31 33 36 57 (0,52) [103272.79, 103244.68, -46.94, 433]
Rejected: 0 1 2 3 4 5 6 8 9 11 12 14 15 16 20 22 23 25 26 39 55 (0,28) [103276.77, 103244.68, -87.71, 434]
Rejected: 0 1 2 3 4 5 6 8 9 11 12 14 15 16 17 20 22 23 25 26 27 30 33 34 (0,50) [103320.29, 103244.68, -98.31, 435]
Rejected: 0 1 2 3 4 5 6 8 9 11 12 14 15 16 17 20 22 25 26 27 30 33 39 50 (0,32) [103279.28, 103244.68, -132.33, 436]
Rejected: 6 8 12 15 16 20 22 23 25 39 55 (0,41) [103252.98, 103244.68, -30.42, 437]
Rejected: 6 7 8 10 12 13 15 18 20 24 31 36 (0,540) [106922.50, 103244.68, -54.49, 438]
Rejected: 0 1 2 3 4 5 11 14 16 17 22 25 26 34 50 64 (0,29) [103261.85, 103244.68, -74.04, 439]
Rejected: 6 7 8 10 12 13 15 18 20 24 31 37 (0,133) [104139.41, 103244.68, -60.27, 440]
Rejected: 0 1 2 3 4 5 6 9 11 14 15 16 17 20 23 26 34 48 51 61 66 (0,11) [103316.82, 103244.68, -116.06, 441]
Rejected: 0 1 2 3 4 5 9 11 14 16 17 22 25 26 39 40 43 46 50 (0,30) [103323.18, 103244.68, -96.89, 442]
Rejected: 0 1 2 3 4 5 6 7 8 9 10 11 12 13 14 15 18 22 23 24 25 26 31 36 39 55 56 57 (0,25) [103338.04, 103244.68, -196.94, 443]
Rejected: 0 1 2 3 4 5 6 8 9 11 12 14 15 16 17 20 23 27 30 34 40 47 48 51 (0,43) [103276.34, 103244.68, -168.31, 444]
Rejected: 0 1 2 3 5 11 22 25 26 34 59 64 70 (0,7) [103276.40, 103244.68, -77.50, 445]
Rejected: 7 10 18 19 21 24 29 32 37 38 42 45 60 (0,15) [103260.59, 103244.68, -85.30, 446]
Rejected: 0 1 2 3 4 5 7 10 11 13 14 16 17 18 22 24 25 26 31 34 37 50 64 (0,18) [103289.93, 103244.68, -159.86, 447]
Accepted: 8 61 68 (4,4) [103210.42, 103244.68, -4.52, 448]
Accepted: 61 66 68 (4,4) [103146.51, 103210.42, 10.84, 449]
Accepted: 6 8 12 15 20 40 43 46 (24,209) [103144.97, 103146.51, -38.08, 450]
Rejected: 0 1 2 3 4 5 6 8 9 11 12 14 15 16 20 22 23 25 26 39 55 (0,28) [103178.84, 103144.97, -92.30, 451]
Rejected: 19 35 40 41 43 44 45 46 52 (0,34) [103153.43, 103144.97, -50.12, 452]
Rejected: 6 12 15 16 17 20 23 25 34 51 66 (0,10) [103164.12, 103144.97, -58.99, 453]
Rejected: 0 1 2 3 4 5 6 8 9 11 12 14 15 16 17 20 22 23 26 27 30 33 34 48 (0,46) [103253.08, 103144.97, -122.50, 454]
Accepted: 16 50 55 (6,152) [103130.46, 103144.97, -0.71, 455]
Rejected: 0 1 2 4 5 9 11 14 16 22 25 26 39 50 55 71 (0,10) [103166.57, 103130.46, -61.15, 456]
Rejected: 7 10 13 18 19 20 28 35 37 41 42 44 49 52 58 (0,9) [103187.06, 103130.46, -79.84, 457]
Rejected: 6 8 12 15 17 20 27 30 33 50 56 (0,34) [103141.66, 103130.46, -58.29, 458]
Accepted: 8 12 27 40 43 68 (10,43) [103125.18, 103130.46, -31.65, 459]
Rejected: 7 10 13 18 19 21 24 31 32 36 38 44 45 (0,66) [103187.77, 103125.18, -86.61, 460]
Rejected: 0 1 2 3 4 5 6 8 9 11 12 15 16 17 20 23 25 26 34 51 59 (0,23) [103169.33, 103125.18, -148.58, 461]
Rejected: 6 7 8 10 12 13 15 18 20 24 31 37 (0,133) [103971.90, 103125.18, -67.04, 462]
Rejected: 0 1 2 3 4 5 9 11 14 16 17 19 21 22 23 25 26 28 32 38 39 44 (0,21) [103216.33, 103125.18, -133.12, 463]
Rejected: 0 1 2 3 4 9 14 19 21 27 28 29 30 32 33 35 47 63 69 (0,14) [103182.65, 103125.18, -124.57, 464]
Accepted: 0 1 2 3 4 9 47 59 63 69 (8,8) [103052.74, 103125.18, -50.97, 465]
Rejected: 0 1 2 3 4 9 14 47 63 69 (0,29) [103052.99, 103052.74, -36.57, 466]
Rejected: 7 10 13 18 24 27 30 33 37 42 (0,161) [103155.76, 103052.74, -49.52, 467]
Rejected: 0 1 2 3 4 5 7 9 10 11 13 14 16 17 18 22 24 25 26 37 39 42 50 (0,26) [103158.12, 103052.74, -143.45, 468]
Accepted: 18 24 37 42 60 65 67 (6,6) [103015.37, 103052.74, -50.89, 469]
Rejected: 0 1 2 3 4 5 9 11 14 19 21 29 32 38 40 43 45 46 47 (0,14) [103068.64, 103015.37, -121.98, 470]
Rejected: 0 1 2 3 4 5 6 8 9 11 12 14 16 17 22 23 25 26 39 57 58 (0,16) [103101.89, 103015.37, -127.82, 471]
Rejected: 0 1 2 3 4 5 6 7 8 9 10 11 12 13 14 15 16 17 18 20 23 24 26 34 37 42 48 51 (0,30) [103157.91, 103015.37, -172.77, 472]
Rejected: 19 21 27 28 30 32 38 40 44 (0,31) [103028.80, 103015.37, -48.37, 473]
Rejected: 0 1 2 3 4 5 6 8 9 11 14 15 16 17 20 22 23 25 26 34 61 (0,9) [103090.99, 103015.37, -113.55, 474]
Rejected: 0 1 2 3 5 17 19 21 22 25 28 32 34 35 44 50 56 63 64 70 (0,8) [103101.82, 103015.37, -126.65, 475]
Rejected: 0 1 2 3 4 5 6 8 9 11 14 15 22 23 25 26 39 55 56 57 61 (0,13) [103089.96, 103015.37, -135.43, 476]
Rejected: 0 1 2 4 5 9 11 14 16 22 23 25 26 39 55 71 (0,6) [103084.48, 103015.37, -85.24, 477]
Accepted: 0 2 3 4 5 9 11 14 22 25 26 39 55 73 (9,9) [102947.30, 103015.37, -93.54, 478]
Rejected: 7 10 13 18 19 24 37 38 41 42 44 45 52 (0,24) [102999.82, 102947.30, -96.87, 479]
Rejected: 0 1 2 3 4 5 6 7 8 9 10 11 12 13 14 15 16 17 20 22 23 24 26 34 36 42 48 54 (0,20) [103071.55, 102947.30, -177.73, 480]
Rejected: 0 1 2 3 4 5 7 9 10 11 13 24 26 36 42 54 59 (0,19) [103013.17, 102947.30, -119.18, 481]
Rejected: 7 10 13 18 19 21 24 32 35 37 42 44 45 (0,22) [102997.88, 102947.30, -92.37, 482]
Rejected: 7 10 13 18 24 31 37 50 55 56 (0,23) [102966.75, 102947.30, -64.20, 483]
Rejected: 7 10 13 18 24 27 30 31 33 36 (0,333) [103122.02, 102947.30, -53.94, 484]
Rejected: 0 1 2 3 5 6 8 11 12 14 15 17 22 25 26 34 50 56 57 64 70 (0,10) [102996.31, 102947.30, -159.99, 485]
Rejected: 8 12 40 43 46 57 58 68 (0,8) [102970.96, 102947.30, -53.28, 486]
Rejected: 6 15 61 62 66 (0,6) [102954.13, 102947.30, -33.04, 487]
Rejected: 6 7 8 10 12 13 18 24 31 36 58 62 (0,47) [103021.17, 102947.30, -86.38, 488]
Rejected: 7 10 13 16 17 18 22 24 25 31 37 39 50 (0,50) [102981.95, 102947.30, -73.80, 489]
Rejected: 0 1 2 3 4 5 6 8 9 11 12 14 15 16 17 20 23 26 34 40 43 46 48 51 (0,43) [103076.18, 102947.30, -138.04, 490]
Rejected: 0 1 2 3 4 5 9 11 19 21 27 28 29 30 32 33 38 47 59 (0,19) [103007.40, 102947.30, -126.14, 491]
Rejected: 0 1 2 3 4 5 7 9 10 11 13 14 16 17 18 22 23 25 26 31 37 39 49 (0,49) [103045.41, 102947.30, -149.92, 492]
Rejected: 0 1 2 3 4 9 11 14 26 69 (0,5) [102979.22, 102947.30, -51.27, 493]
Accepted: 0 1 2 3 4 5 9 11 14 15 16 17 20 23 25 26 34 51 (11,139) [102892.46, 102947.30, -128.38, 494]
Rejected: 4 5 11 14 22 25 26 34 64 (0,87) [102909.22, 102892.46, -57.80, 495]
Rejected: 0 1 2 3 4 5 6 7 8 9 10 11 12 13 14 15 20 22 24 25 26 36 39 42 50 54 55 56 (0,17) [103007.90, 102892.46, -187.36, 496]
Rejected: 7 10 13 18 24 27 30 31 36 40 (0,206) [103036.92, 102892.46, -58.85, 497]
Rejected: 21 27 28 29 30 38 40 41 53 (0,23) [102914.48, 102892.46, -57.36, 498]
Rejected: 8 12 19 21 28 29 32 38 40 43 46 68 (0,11) [102931.39, 102892.46, -79.54, 499]
Rejected: 6 8 12 16 17 20 22 23 25 39 58 (0,37) [102914.60, 102892.46, -77.29, 500]
Rejected: 7 10 13 16 17 18 37 42 49 50 (0,66) [102933.19, 102892.46, -60.91, 501]
Rejected: 7 10 13 18 27 31 33 35 37 41 43 44 45 49 52 53 (0,18) [102932.91, 102892.46, -124.67, 502]
Rejected: 0 1 2 3 5 14 19 21 22 25 28 32 34 35 44 47 63 64 70 (0,5) [102987.05, 102892.46, -117.33, 503]
Rejected: 0 1 2 3 4 5 6 8 9 11 12 15 16 17 20 22 23 25 26 34 59 (0,27) [102947.59, 102892.46, -156.80, 504]
Rejected: 0 1 3 20 27 40 43 58 72 (0,6) [102924.77, 102892.46, -59.27, 505]
Accepted: 8 12 15 20 68 (4,68) [102879.19, 102892.46, -26.27, 506]
Rejected: 8 12 19 21 28 29 32 38 40 43 46 68 (0,11) [102916.02, 102879.19, -77.82, 507]
Rejected: 19 21 32 33 35 43 44 45 46 (0,21) [102901.20, 102879.19, -59.21, 508]
Rejected: 21 28 29 33 35 41 43 46 53 (0,17) [102902.26, 102879.19, -60.16, 509]
Rejected: 0 1 2 4 5 9 11 14 19 21 22 25 26 28 29 32 38 39 40 43 46 55 71 (0,13) [102960.06, 102879.19, -180.05, 510]
Rejected: 0 1 2 3 4 5 6 8 9 11 12 14 15 16 17 20 22 23 26 27 33 34 43 48 (0,21) [102985.46, 102879.19, -136.18, 511]
Rejected: 19 21 28 29 30 32 38 40 46 (0,14) [102901.86, 102879.19, -58.37, 512]
Rejected: 0 1 2 3 4 5 9 17 22 25 26 39 50 56 59 63 (0,7) [102942.76, 102879.19, -104.00, 513]
Rejected: 19 21 27 30 32 33 35 44 45 (0,52) [102917.37, 102879.19, -56.82, 514]
Rejected: 7 10 18 19 21 24 28 29 31 32 36 38 60 (0,38) [102900.23, 102879.19, -97.67, 515]
Rejected: 0 1 2 3 4 9 23 26 56 59 63 69 (0,8) [102954.66, 102879.19, -77.83, 516]
Rejected: 6 8 12 15 16 17 19 20 21 22 23 28 29 32 34 38 48 (0,69) [102944.27, 102879.19, -117.53, 517]
Rejected: 16 19 21 28 29 32 35 40 43 46 50 (0,24) [102993.05, 102879.19, -65.65, 518]
Rejected: 7 10 13 18 19 21 24 28 29 31 32 36 38 (0,153) [103101.05, 102879.19, -94.89, 519]
Rejected: 0 2 3 4 5 9 11 14 22 25 26 39 50 55 56 73 (0,5) [102951.79, 102879.19, -102.59, 520]
Rejected: 6 7 8 10 12 13 15 18 27 30 33 37 42 49 57 (0,26) [102902.84, 102879.19, -115.14, 521]
Rejected: 7 10 13 18 19 21 24 28 31 32 36 38 44 (0,60) [102933.96, 102879.19, -96.70, 522]
Rejected: 0 1 2 3 4 5 6 8 11 12 14 15 20 22 25 34 47 64 (0,15) [102935.25, 102879.19, -115.25, 523]
Rejected: 19 27 30 33 38 41 44 45 52 (0,42) [102906.53, 102879.19, -60.51, 524]
Rejected: 21 27 29 30 35 40 41 45 53 (0,29) [102903.82, 102879.19, -61.25, 525]
Rejected: 6 8 12 15 16 20 22 25 39 50 55 (0,60) [102918.18, 102879.19, -63.75, 526]
Rejected: 0 1 2 3 4 9 14 16 23 26 63 69 (0,16) [103487.67, 102879.19, -70.71, 527]
Rejected: 0 1 2 3 4 5 6 8 9 11 12 14 15 16 17 20 22 23 26 30 33 34 46 48 (0,16) [102996.96, 102879.19, -138.99, 528]
Rejected: 0 1 2 3 4 5 6 8 9 11 12 14 16 17 22 25 26 39 50 57 58 (0,13) [102974.14, 102879.19, -140.28, 529]
Rejected: 6 8 12 15 19 20 21 27 28 29 30 32 33 35 (0,185) [106283.22, 102879.19, -92.82, 530]
Rejected: 7 10 18 24 27 31 33 36 43 60 (0,28) [102913.32, 102879.19, -65.92, 531]
Rejected: 16 17 22 23 25 26 39 59 (0,16) [102905.12, 102879.19, -49.88, 532]
Rejected: 0 1 2 3 5 14 19 21 22 25 26 28 32 34 35 44 63 64 70 (0,5) [102977.37, 102879.19, -118.58, 533]
Rejected: 0 1 2 3 4 5 22 25 34 50 55 56 63 64 (0,6) [102934.68, 102879.19, -100.45, 534]
Rejected: 6 7 8 10 13 18 37 42 49 61 (0,20) [103104.50, 102879.19, -67.89, 535]
Rejected: 6 7 8 10 12 13 15 16 17 18 20 22 23 24 34 37 42 48 (0,77) [102941.00, 102879.19, -129.71, 536]
Rejected: 16 17 22 23 25 39 58 62 (0,65) [102902.47, 102879.19, -56.96, 537]
Rejected: 0 1 2 3 5 19 21 22 25 28 32 34 35 44 47 59 63 64 70 (0,5) [102977.91, 102879.19, -127.60, 538]
Rejected: 7 10 18 37 40 42 43 46 49 60 (0,12) [102911.45, 102879.19, -72.93, 539]
Rejected: 7 10 13 18 19 21 27 28 29 30 32 33 35 37 42 49 (0,37) [102932.90, 102879.19, -123.13, 540]
Rejected: 6 8 12 15 20 22 23 25 39 55 56 (0,28) [102920.76, 102879.19, -68.28, 541]
Accepted: 0 1 2 3 4 5 6 8 9 12 15 20 22 25 26 39 59 63 (19,19) [102825.51, 102879.19, -120.65, 542]
Rejected: 0 1 2 3 4 5 6 8 9 11 12 14 15 16 17 20 23 26 27 30 33 34 48 51 (0,63) [102906.00, 102825.51, -91.45, 543]
Rejected: 6 7 8 10 12 13 15 18 24 27 30 31 33 36 57 (0,52) [102855.40, 102825.51, -48.72, 544]
Rejected: 0 1 2 3 4 5 6 8 9 11 12 14 15 16 20 22 23 25 26 39 55 (0,28) [102856.18, 102825.51, -89.35, 545]
Rejected: 0 1 2 3 4 5 6 8 9 11 12 14 15 16 17 20 22 23 25 26 27 30 33 34 (0,50) [102902.79, 102825.51, -99.99, 546]
Rejected: 0 1 2 3 4 5 6 8 9 11 12 14 15 16 17 20 22 25 26 27 30 33 39 50 (0,32) [102857.00, 102825.51, -129.96, 547]
Rejected: 19 35 40 41 43 44 45 46 52 (0,34) [102834.96, 102825.51, -50.45, 548]
Rejected: 0 1 2 3 4 5 6 8 9 11 12 14 15 16 17 20 22 23 26 27 30 33 34 48 (0,46) [102934.98, 102825.51, -124.59, 549]
Rejected: 7 10 13 18 24 27 30 33 37 42 (0,161) [102930.69, 102825.51, -53.19, 550]
Rejected: 7 10 13 18 24 27 30 31 33 36 (0,333) [102991.92, 102825.51, -54.03, 551]
Rejected: 0 1 2 3 4 5 6 8 9 11 12 14 15 16 17 20 23 26 34 40 43 46 48 51 (0,43) [102954.73, 102825.51, -139.47, 552]
Rejected: 0 1 2 3 4 5 6 8 11 12 14 15 20 22 25 34 47 64 (0,15) [102879.83, 102825.51, -114.54, 553]
Rejected: 0 1 2 3 4 5 6 8 9 12 15 17 20 22 25 26 39 50 56 59 63 (0,7) [102915.88, 102825.51, -131.41, 554]
Rejected: 21 28 29 33 35 41 43 46 53 (0,17) [102848.95, 102825.51, -62.18, 555]
Rejected: 19 21 32 33 35 43 44 45 46 (0,21) [102847.93, 102825.51, -61.37, 556]
Rejected: 19 21 27 28 30 32 33 38 44 (0,51) [102872.34, 102825.51, -57.42, 557]
Rejected: 19 21 27 30 32 33 35 44 45 (0,52) [102864.73, 102825.51, -59.27, 558]
Rejected: 19 27 30 33 38 41 44 45 52 (0,42) [102853.69, 102825.51, -63.09, 559]
Rejected: 7 10 18 37 40 42 43 46 49 60 (0,12) [102857.89, 102825.51, -73.65, 560]
Rejected: 0 1 2 3 4 5 9 11 14 16 17 22 23 25 26 27 30 39 40 (0,46) [102943.75, 102825.51, -113.10, 561]
Rejected: 6 12 19 21 29 32 38 45 66 (0,11) [102854.23, 102825.51, -65.52, 562]
Rejected: 7 10 13 24 30 33 36 42 46 54 (0,13) [102869.56, 102825.51, -69.11, 563]
Rejected: 7 10 13 18 21 24 29 31 35 37 41 45 53 (0,28) [102859.68, 102825.51, -105.97, 564]
Rejected: 6 7 8 10 12 13 15 18 20 24 31 37 (0,133) [103703.41, 102825.51, -82.69, 565]
Rejected: 21 28 29 30 35 40 41 46 53 (0,10) [102855.39, 102825.51, -66.36, 566]
Rejected: 7 10 13 16 17 18 24 31 37 47 50 59 (0,11) [103273.47, 102825.51, -78.48, 567]
Rejected: 6 8 12 14 15 20 27 30 33 47 (0,386) [102860.31, 102825.51, -59.29, 568]
Rejected: 0 1 2 3 4 5 7 10 11 13 14 16 18 22 24 25 26 31 34 37 50 55 64 (0,11) [102893.42, 102825.51, -184.46, 569]
Rejected: 7 10 18 19 35 37 41 42 44 45 49 52 60 (0,11) [102863.02, 102825.51, -113.61, 570]
Rejected: 6 7 8 10 12 13 18 24 31 36 57 58 (0,23) [102864.69, 102825.51, -94.89, 571]
Rejected: 7 10 13 16 18 23 24 31 36 (0,637) [103755.98, 102825.51, -52.77, 572]
Rejected: 0 1 2 3 5 19 21 22 25 26 28 32 34 35 44 59 63 64 70 (0,5) [102927.87, 102825.51, -128.88, 573]
Rejected: 7 10 13 19 21 29 31 32 35 36 45 49 54 (0,16) [102867.10, 102825.51, -105.55, 574]
Rejected: 16 19 21 28 29 32 38 40 43 46 50 (0,19) [102872.71, 102825.51, -71.84, 575]
Rejected: 10 13 18 19 21 24 28 29 31 32 35 36 40 43 46 67 (0,12) [102882.66, 102825.51, -134.25, 576]
Rejected: 7 10 13 24 31 33 36 43 46 54 (0,46) [102861.95, 102825.51, -72.23, 577]
Rejected: 27 28 30 33 38 41 44 52 53 (0,22) [102852.75, 102825.51, -67.45, 578]
Rejected: 21 28 29 33 38 41 43 46 53 (0,15) [102855.58, 102825.51, -68.79, 579]
Rejected: 6 12 20 27 33 43 58 66 (0,6) [102857.93, 102825.51, -58.56, 580]
Rejected: 8 12 20 40 43 46 58 68 (0,8) [102861.86, 102825.51, -60.81, 581]
Rejected: 0 1 2 3 4 5 6 8 12 15 20 22 25 27 30 33 34 63 64 (0,11) [102885.82, 102825.51, -148.87, 582]
Rejected: 6 12 15 16 17 20 23 25 34 51 66 (0,10) [102864.93, 102825.51, -79.56, 583]
Rejected: 0 1 2 3 4 5 14 22 25 26 34 63 64 (0,4) [102888.98, 102825.51, -82.52, 584]
Rejected: 0 1 2 3 4 5 6 8 9 11 12 14 15 16 17 20 23 25 26 27 30 33 34 51 (0,31) [102948.38, 102825.51, -143.45, 585]
Rejected: 0 1 2 3 4 5 9 11 14 19 21 27 29 32 33 38 43 45 47 (0,14) [102894.96, 102825.51, -137.67, 586]
Accepted: 1 2 3 74 (1,1) [102796.85, 102825.51, -36.22, 587]
Rejected: 0 1 2 3 4 5 9 14 19 21 27 28 29 30 32 33 35 47 63 (0,12) [102868.75, 102796.85, -138.62, 588]
Rejected: 7 10 13 18 19 27 31 33 35 37 41 43 44 45 49 52 (0,16) [102902.17, 102796.85, -109.54, 589]
Rejected: 6 7 8 10 12 13 15 18 24 27 31 33 36 43 57 (0,15) [102864.13, 102796.85, -98.46, 590]
Rejected: 6 7 8 10 12 13 15 18 24 31 36 40 43 46 57 (0,29) [102873.95, 102796.85, -102.39, 591]
Rejected: 6 7 8 10 12 13 16 17 18 24 31 37 50 58 62 (0,12) [102849.29, 102796.85, -117.64, 592]
Rejected: 10 13 24 33 36 42 43 46 54 67 (0,15) [102825.46, 102796.85, -79.14, 593]
Accepted: 16 23 55 (2,98) [102788.88, 102796.85, -20.72, 594]
Rejected: 6 8 12 15 16 20 22 23 25 39 55 (0,41) [102795.10, 102788.88, -28.35, 595]
Rejected: 0 1 2 4 5 9 11 14 16 22 23 25 26 39 55 71 (0,6) [102856.76, 102788.88, -90.03, 596]
Rejected: 7 10 13 16 18 23 24 31 36 (0,637) [103716.79, 102788.88, -54.00, 597]
Rejected: 6 8 12 16 17 20 22 25 39 50 58 (0,36) [102823.31, 102788.88, -89.57, 598]
Rejected: 0 1 2 3 4 5 22 25 34 47 59 63 64 (0,4) [102853.80, 102788.88, -92.38, 599]
Rejected: 19 38 40 41 43 44 45 46 52 (0,22) [102822.88, 102788.88, -73.82, 600]
Rejected: 0 1 2 3 4 5 11 14 16 17 22 25 34 47 50 64 (0,18) [102843.70, 102788.88, -106.07, 601]
Rejected: 7 10 13 14 16 17 18 24 31 37 47 50 (0,41) [102965.76, 102788.88, -76.28, 602]
Rejected: 19 27 28 33 38 41 43 44 52 (0,18) [102834.71, 102788.88, -69.47, 603]
Rejected: 0 1 2 3 4 5 6 9 11 12 14 15 16 17 20 23 26 27 33 34 43 48 51 66 (0,9) [102887.12, 102788.88, -172.40, 604]
Rejected: 19 29 33 38 41 43 45 46 52 (0,14) [102817.04, 102788.88, -72.31, 605]
Rejected: 6 8 12 15 27 30 40 62 (0,29) [102815.48, 102788.88, -61.88, 606]
Rejected: 0 1 2 3 4 6 8 9 12 15 20 22 25 26 39 55 59 63 69 (0,9) [102850.30, 102788.88, -164.88, 607]
Rejected: 6 7 8 10 12 13 15 16 17 18 24 31 37 50 62 (0,16) [102838.99, 102788.88, -113.11, 608]
Accepted: 17 22 23 25 39 56 (4,38) [102769.46, 102788.88, -49.81, 609]
Rejected: 7 10 13 16 17 18 22 24 25 31 37 39 50 (0,50) [102801.98, 102769.46, -71.01, 610]
Rejected: 6 7 8 10 12 13 15 18 37 42 49 62 (0,24) [102823.50, 102769.46, -96.99, 611]
Rejected: 10 13 16 17 18 24 31 37 50 67 (0,7) [102810.51, 102769.46, -75.13, 612]
Rejected: 6 8 12 14 15 20 26 27 30 33 (0,363) [102811.52, 102769.46, -61.79, 613]
Rejected: 0 1 2 3 5 7 10 13 16 17 18 19 21 22 24 25 28 31 32 34 35 37 44 50 63 64 70 (0,12) [102875.46, 102769.46, -219.20, 614]
Rejected: 7 18 19 21 24 29 32 37 38 42 45 60 65 (0,12) [102814.02, 102769.46, -114.70, 615]
Rejected: 7 10 13 18 19 31 33 35 37 41 43 44 45 46 49 52 (0,11) [102845.04, 102769.46, -114.05, 616]
Rejected: 10 13 36 42 49 54 67 (0,4) [102793.42, 102769.46, -63.89, 617]
Rejected: 0 1 2 3 4 5 6 8 9 11 12 14 15 20 22 25 26 27 30 33 39 50 55 56 (0,26) [102893.28, 102769.46, -151.51, 618]
Rejected: 19 21 29 32 35 40 43 45 46 (0,16) [102801.97, 102769.46, -72.13, 619]
Rejected: 0 2 3 4 5 9 11 14 16 22 25 26 39 50 55 73 (0,4) [102852.60, 102769.46, -108.02, 620]
Rejected: 6 8 19 21 28 29 32 33 35 43 46 61 (0,25) [103058.42, 102769.46, -89.58, 621]
Rejected: 0 1 2 3 4 5 9 11 14 16 17 22 23 25 26 27 30 33 39 (0,78) [102924.38, 102769.46, -118.81, 622]
Rejected: 0 1 2 3 4 5 6 8 9 11 12 14 15 16 17 20 22 23 26 27 30 34 40 48 (0,31) [102914.79, 102769.46, -147.93, 623]
Rejected: 0 1 2 3 4 5 6 8 9 11 12 14 15 16 17 20 23 26 27 30 34 40 48 51 (0,37) [102929.22, 102769.46, -149.66, 624]
Rejected: 4 20 22 25 34 58 64 (0,12) [102800.11, 102769.46, -56.48, 625]
Rejected: 6 8 12 15 19 21 27 28 29 30 32 33 35 62 (0,21) [102864.75, 102769.46, -109.57, 626]
Rejected: 0 1 2 3 4 9 16 23 26 59 63 69 (0,8) [102931.81, 102769.46, -84.14, 627]
Rejected: 0 1 2 3 4 5 6 8 9 11 12 14 15 16 17 20 22 23 26 34 40 43 46 48 (0,29) [102902.01, 102769.46, -152.02, 628]
Rejected: 0 1 2 3 4 5 22 25 26 34 59 63 64 (0,4) [102836.85, 102769.46, -92.69, 629]
Rejected: 12 20 58 66 68 (0,4) [102792.92, 102769.46, -49.83, 630]
Rejected: 7 13 24 36 42 54 65 (0,4) [102793.68, 102769.46, -63.39, 631]
Rejected: 0 1 2 3 4 9 14 16 23 26 63 69 (0,16) [103413.12, 102769.46, -81.77, 632]
Rejected: 6 8 12 15 19 20 21 27 28 29 30 32 33 35 (0,185) [106202.89, 102769.46, -103.37, 633]
Rejected: 7 18 37 42 49 60 65 (0,4) [102794.16, 102769.46, -69.28, 634]
Rejected: 19 20 21 28 29 32 35 58 (0,39) [102965.91, 102769.46, -60.36, 635]
Rejected: 21 27 30 33 38 41 44 45 53 (0,24) [102808.39, 102769.46, -72.40, 636]
Rejected: 6 7 8 10 12 13 15 16 17 18 22 23 24 25 31 37 39 62 (0,19) [103269.88, 102769.46, -141.19, 637]
Rejected: 0 1 2 4 5 9 11 14 22 23 25 26 39 55 56 71 (0,4) [102853.48, 102769.46, -110.55, 638]
Accepted: 10 13 24 31 36 54 67 (4,4) [102747.39, 102769.46, -64.19, 639]
Rejected: 10 13 36 42 49 54 67 (0,4) [102767.51, 102747.39, -60.93, 640]
Rejected: 7 10 13 18 24 37 40 42 43 46 (0,49) [102829.09, 102747.39, -78.23, 641]
Rejected: 6 8 12 15 19 20 21 27 28 29 30 32 35 40 (0,125) [104262.99, 102747.39, -104.76, 642]
Rejected: 6 8 12 15 17 20 27 30 33 50 56 (0,34) [102784.60, 102747.39, -83.69, 643]
Rejected: 0 1 2 3 4 5 6 8 9 11 12 14 15 16 17 20 23 26 33 34 43 46 48 51 (0,58) [102897.41, 102747.39, -153.82, 644]
Rejected: 0 1 2 3 4 5 7 10 11 13 14 16 17 18 22 24 25 31 34 37 47 50 64 (0,12) [102823.30, 102747.39, -189.01, 645]
Rejected: 0 1 2 3 4 5 9 11 14 16 17 22 25 26 27 30 33 39 50 (0,68) [102886.82, 102747.39, -122.60, 646]
Accepted: 4 5 9 11 14 22 25 39 47 (8,272) [102729.99, 102747.39, -68.71, 647]
Rejected: 0 1 2 3 4 5 11 14 16 17 22 25 26 34 50 64 (0,29) [102749.80, 102729.99, -76.69, 648]
Rejected: 7 10 13 16 17 18 37 42 49 50 (0,66) [102775.06, 102729.99, -64.72, 649]
Rejected: 7 10 16 17 18 24 31 37 50 60 (0,11) [102762.61, 102729.99, -66.06, 650]
Rejected: 0 1 2 3 4 5 11 14 16 17 22 25 34 47 50 64 (0,18) [102786.05, 102729.99, -108.00, 651]
Rejected: 10 13 16 17 18 24 31 37 50 67 (0,7) [102772.30, 102729.99, -76.76, 652]
Rejected: 6 8 12 15 22 25 39 62 (0,81) [102768.08, 102729.99, -65.69, 653]
